mode: set
backend.com/forum/auth-servise/docs/docs.go:225.13,227.2 1 0
backend.com/forum/auth-servise/cmd/main.go:62.13,66.16 4 0
backend.com/forum/auth-servise/cmd/main.go:66.16,67.13 1 0
backend.com/forum/auth-servise/cmd/main.go:69.2,73.16 4 0
backend.com/forum/auth-servise/cmd/main.go:73.16,75.3 1 0
backend.com/forum/auth-servise/cmd/main.go:76.2,79.16 3 0
backend.com/forum/auth-servise/cmd/main.go:79.16,81.3 1 0
backend.com/forum/auth-servise/cmd/main.go:82.2,84.71 2 0
backend.com/forum/auth-servise/cmd/main.go:84.71,86.3 1 0
backend.com/forum/auth-servise/cmd/main.go:88.2,107.52 8 0
backend.com/forum/auth-servise/cmd/main.go:110.97,112.16 2 0
backend.com/forum/auth-servise/cmd/main.go:112.16,114.3 1 0
backend.com/forum/auth-servise/cmd/main.go:116.2,121.37 5 0
backend.com/forum/auth-servise/cmd/main.go:121.37,123.3 1 0
backend.com/forum/auth-servise/cmd/main.go:127.101,145.2 5 0
backend.com/forum/auth-servise/cmd/main.go:145.2,147.3 2 0
backend.com/forum/auth-servise/cmd/main.go:147.3,151.4 3 0
backend.com/forum/auth-servise/cmd/main.go:154.2,155.58 2 0
backend.com/forum/auth-servise/cmd/main.go:155.58,157.3 1 0
backend.com/forum/auth-servise/cmd/main.go:159.79,164.16 2 0
backend.com/forum/auth-servise/cmd/main.go:164.16,166.3 1 0
backend.com/forum/auth-servise/cmd/main.go:167.2,169.61 2 0
backend.com/forum/auth-servise/cmd/main.go:169.61,171.3 1 0
backend.com/forum/auth-servise/cmd/main.go:173.2,174.12 2 0
backend.com/forum/auth-servise/internal/controller/mocks/auth_usecase_mock.go:28.85,32.2 3 0
backend.com/forum/auth-servise/internal/controller/mocks/auth_usecase_mock.go:35.83,37.2 1 0
backend.com/forum/auth-servise/internal/controller/mocks/auth_usecase_mock.go:40.128,46.2 5 0
backend.com/forum/auth-servise/internal/controller/mocks/auth_usecase_mock.go:49.92,52.2 2 0
backend.com/forum/auth-servise/internal/controller/mocks/auth_usecase_mock.go:55.106,61.2 5 0
backend.com/forum/auth-servise/internal/controller/mocks/auth_usecase_mock.go:64.99,67.2 2 0
backend.com/forum/auth-servise/internal/controller/mocks/auth_usecase_mock.go:70.122,76.2 5 0
backend.com/forum/auth-servise/internal/controller/mocks/auth_usecase_mock.go:79.90,82.2 2 0
backend.com/forum/auth-servise/internal/controller/mocks/auth_usecase_mock.go:85.131,91.2 5 0
backend.com/forum/auth-servise/internal/controller/mocks/auth_usecase_mock.go:94.93,97.2 2 0
backend.com/forum/auth-servise/internal/controller/mocks/auth_usecase_mock.go:100.146,106.2 5 0
backend.com/forum/auth-servise/internal/controller/mocks/auth_usecase_mock.go:109.98,112.2 2 0
backend.com/forum/auth-servise/pkg/logger/logger.go:12.47,32.15 12 0
backend.com/forum/auth-servise/pkg/logger/logger.go:33.15,34.37 1 0
backend.com/forum/auth-servise/pkg/logger/logger.go:35.14,36.36 1 0
backend.com/forum/auth-servise/pkg/logger/logger.go:37.14,38.36 1 0
backend.com/forum/auth-servise/pkg/logger/logger.go:39.15,40.37 1 0
backend.com/forum/auth-servise/pkg/logger/logger.go:41.10,42.36 1 0
backend.com/forum/auth-servise/pkg/logger/logger.go:45.2,46.16 2 0
backend.com/forum/auth-servise/pkg/logger/logger.go:46.16,48.3 1 0
backend.com/forum/auth-servise/pkg/logger/logger.go:49.2,49.40 1 0
backend.com/forum/auth-servise/pkg/logger/logger.go:51.42,53.2 1 0
backend.com/forum/auth-servise/pkg/auth/jwt.go:16.121,25.2 3 0
backend.com/forum/auth-servise/pkg/auth/jwt.go:27.72,28.83 1 0
backend.com/forum/auth-servise/pkg/auth/jwt.go:28.83,29.58 1 0
backend.com/forum/auth-servise/pkg/auth/jwt.go:29.58,31.4 1 0
backend.com/forum/auth-servise/pkg/auth/jwt.go:32.3,32.29 1 0
backend.com/forum/auth-servise/pkg/auth/jwt.go:34.2,34.19 1 0
backend.com/forum/auth-servise/pkg/auth/jwt.go:36.52,38.16 2 0
backend.com/forum/auth-servise/pkg/auth/jwt.go:38.16,40.3 1 0
backend.com/forum/auth-servise/pkg/auth/jwt.go:41.2,41.36 1 0
backend.com/forum/auth-servise/internal/repository/session_repository.go:19.58,21.2 1 0
backend.com/forum/auth-servise/internal/repository/session_repository.go:23.95,27.2 3 1
backend.com/forum/auth-servise/internal/repository/session_repository.go:29.107,34.2 4 1
backend.com/forum/auth-servise/internal/repository/user_repository.go:22.52,24.2 1 1
backend.com/forum/auth-servise/internal/repository/user_repository.go:26.92,30.16 4 1
backend.com/forum/auth-servise/internal/repository/user_repository.go:30.16,32.3 1 1
backend.com/forum/auth-servise/internal/repository/user_repository.go:33.2,33.16 1 1
backend.com/forum/auth-servise/internal/repository/user_repository.go:36.104,40.16 4 1
backend.com/forum/auth-servise/internal/repository/user_repository.go:40.16,41.36 1 1
backend.com/forum/auth-servise/internal/repository/user_repository.go:41.36,43.4 1 1
backend.com/forum/auth-servise/internal/repository/user_repository.go:44.3,44.18 1 1
backend.com/forum/auth-servise/internal/repository/user_repository.go:46.2,46.18 1 1
backend.com/forum/auth-servise/internal/repository/user_repository.go:48.91,52.16 4 1
backend.com/forum/auth-servise/internal/repository/user_repository.go:52.16,53.36 1 1
backend.com/forum/auth-servise/internal/repository/user_repository.go:53.36,55.4 1 1
backend.com/forum/auth-servise/internal/repository/user_repository.go:56.3,56.18 1 1
backend.com/forum/auth-servise/internal/repository/user_repository.go:58.2,58.18 1 1
backend.com/forum/auth-servise/internal/controller/auth_grpc.go:20.73,22.2 1 1
backend.com/forum/auth-servise/internal/controller/auth_grpc.go:27.33,28.16 1 1
backend.com/forum/auth-servise/internal/controller/auth_grpc.go:28.16,30.3 1 1
backend.com/forum/auth-servise/internal/controller/auth_grpc.go:32.2,38.16 3 1
backend.com/forum/auth-servise/internal/controller/auth_grpc.go:38.16,40.3 1 1
backend.com/forum/auth-servise/internal/controller/auth_grpc.go:42.2,42.57 1 1
backend.com/forum/auth-servise/internal/controller/auth_grpc.go:48.30,49.16 1 1
backend.com/forum/auth-servise/internal/controller/auth_grpc.go:49.16,51.3 1 1
backend.com/forum/auth-servise/internal/controller/auth_grpc.go:53.2,59.16 3 1
backend.com/forum/auth-servise/internal/controller/auth_grpc.go:59.16,61.3 1 1
backend.com/forum/auth-servise/internal/controller/auth_grpc.go:63.2,66.8 1 1
backend.com/forum/auth-servise/internal/controller/auth_grpc.go:72.32,73.16 1 1
backend.com/forum/auth-servise/internal/controller/auth_grpc.go:73.16,75.3 1 1
backend.com/forum/auth-servise/internal/controller/auth_grpc.go:77.2,80.16 3 1
backend.com/forum/auth-servise/internal/controller/auth_grpc.go:80.16,82.3 1 1
backend.com/forum/auth-servise/internal/controller/auth_grpc.go:84.2,86.8 1 1
backend.com/forum/auth-servise/internal/controller/auth_grpc.go:90.53,91.17 1 1
backend.com/forum/auth-servise/internal/controller/auth_grpc.go:91.17,93.3 1 1
backend.com/forum/auth-servise/internal/controller/auth_grpc.go:95.2,96.19 2 1
backend.com/forum/auth-servise/internal/controller/auth_grpc.go:97.24,98.17 1 1
backend.com/forum/auth-servise/internal/controller/auth_grpc.go:99.23,100.16 1 1
backend.com/forum/auth-servise/internal/controller/auth_grpc.go:101.10,102.27 1 1
backend.com/forum/auth-servise/internal/controller/auth_grpc.go:105.2,110.3 1 1
backend.com/forum/auth-servise/internal/controller/auth_grpc.go:115.38,116.16 1 1
backend.com/forum/auth-servise/internal/controller/auth_grpc.go:116.16,118.3 1 1
backend.com/forum/auth-servise/internal/controller/auth_grpc.go:120.2,123.16 3 1
backend.com/forum/auth-servise/internal/controller/auth_grpc.go:123.16,125.3 1 1
backend.com/forum/auth-servise/internal/controller/auth_grpc.go:127.2,131.8 1 1
backend.com/forum/auth-servise/internal/controller/auth_http.go:16.81,18.2 1 1
backend.com/forum/auth-servise/internal/controller/auth_http.go:41.58,43.47 2 1
backend.com/forum/auth-servise/internal/controller/auth_http.go:43.47,46.3 2 1
backend.com/forum/auth-servise/internal/controller/auth_http.go:48.2,54.16 3 1
backend.com/forum/auth-servise/internal/controller/auth_http.go:54.16,57.3 2 1
backend.com/forum/auth-servise/internal/controller/auth_http.go:59.2,61.4 1 1
backend.com/forum/auth-servise/internal/controller/auth_http.go:75.55,77.47 2 1
backend.com/forum/auth-servise/internal/controller/auth_http.go:77.47,80.3 2 1
backend.com/forum/auth-servise/internal/controller/auth_http.go:82.2,88.16 3 1
backend.com/forum/auth-servise/internal/controller/auth_http.go:88.16,91.3 2 1
backend.com/forum/auth-servise/internal/controller/auth_http.go:93.2,96.4 1 1
backend.com/forum/auth-servise/internal/controller/auth_http.go:110.59,113.16 3 1
backend.com/forum/auth-servise/internal/controller/auth_http.go:113.16,116.3 2 1
backend.com/forum/auth-servise/internal/controller/auth_http.go:118.2,119.16 2 1
backend.com/forum/auth-servise/internal/controller/auth_http.go:119.16,122.3 2 1
backend.com/forum/auth-servise/internal/controller/auth_http.go:124.2,127.4 1 1
backend.com/forum/auth-servise/internal/controller/mocks.go:25.67,29.2 3 1
backend.com/forum/auth-servise/internal/controller/mocks.go:31.61,33.2 1 1
backend.com/forum/auth-servise/internal/controller/mocks.go:35.122,40.2 4 1
backend.com/forum/auth-servise/internal/controller/mocks.go:42.113,47.2 4 1
backend.com/forum/auth-servise/internal/controller/mocks.go:49.119,54.2 4 1
backend.com/forum/auth-servise/internal/controller/mocks.go:56.137,61.2 4 1
backend.com/forum/auth-servise/internal/controller/mocks.go:63.96,68.2 4 1
backend.com/forum/auth-servise/internal/controller/mocks.go:70.80,78.2 1 1
backend.com/forum/auth-servise/internal/controller/mocks.go:80.77,88.2 1 1
backend.com/forum/auth-servise/internal/controller/mocks.go:90.79,98.2 1 1
backend.com/forum/auth-servise/internal/controller/mocks.go:100.85,108.2 1 1
backend.com/forum/auth-servise/internal/controller/mocks.go:110.86,118.2 1 1
backend.com/forum/auth-servise/internal/usecase/auth_usecase.go:37.16,44.2 1 1
backend.com/forum/auth-servise/internal/usecase/auth_usecase.go:49.30,51.16 2 1
backend.com/forum/auth-servise/internal/usecase/auth_usecase.go:51.16,54.3 2 1
backend.com/forum/auth-servise/internal/usecase/auth_usecase.go:56.2,64.16 3 1
backend.com/forum/auth-servise/internal/usecase/auth_usecase.go:64.16,67.3 2 1
backend.com/forum/auth-servise/internal/usecase/auth_usecase.go:69.2,69.47 1 1
backend.com/forum/auth-servise/internal/usecase/auth_usecase.go:75.27,77.16 2 1
backend.com/forum/auth-servise/internal/usecase/auth_usecase.go:77.16,79.3 1 1
backend.com/forum/auth-servise/internal/usecase/auth_usecase.go:81.2,82.16 2 1
backend.com/forum/auth-servise/internal/usecase/auth_usecase.go:82.16,84.3 1 1
backend.com/forum/auth-servise/internal/usecase/auth_usecase.go:86.2,93.16 2 1
backend.com/forum/auth-servise/internal/usecase/auth_usecase.go:93.16,96.3 2 0
backend.com/forum/auth-servise/internal/usecase/auth_usecase.go:98.2,104.67 2 1
backend.com/forum/auth-servise/internal/usecase/auth_usecase.go:104.67,107.3 2 1
backend.com/forum/auth-servise/internal/usecase/auth_usecase.go:109.2,112.8 1 1
backend.com/forum/auth-servise/internal/usecase/auth_usecase.go:118.25,120.2 1 1
backend.com/forum/auth-servise/internal/usecase/auth_usecase.go:125.35,129.32 3 0
backend.com/forum/auth-servise/internal/usecase/auth_usecase.go:129.32,132.3 2 0
backend.com/forum/auth-servise/internal/usecase/auth_usecase.go:134.2,135.9 2 0
backend.com/forum/auth-servise/internal/usecase/auth_usecase.go:135.9,138.3 2 0
backend.com/forum/auth-servise/internal/usecase/auth_usecase.go:140.2,141.9 2 0
backend.com/forum/auth-servise/internal/usecase/auth_usecase.go:141.9,144.3 2 0
backend.com/forum/auth-servise/internal/usecase/auth_usecase.go:146.2,147.9 2 0
backend.com/forum/auth-servise/internal/usecase/auth_usecase.go:147.9,150.3 2 0
backend.com/forum/auth-servise/internal/usecase/auth_usecase.go:152.2,156.8 1 0
backend.com/forum/auth-servise/internal/usecase/auth_usecase.go:162.29,166.31 3 1
backend.com/forum/auth-servise/internal/usecase/auth_usecase.go:166.31,169.3 2 1
backend.com/forum/auth-servise/internal/usecase/auth_usecase.go:171.2,171.42 1 1
